<?xml version="1.0" encoding="UTF-8"?>
<!-- Generated by org.testng.reporters.JUnitReportReporter -->
<testsuite skipped="0" hostname="LAPTOP-KOP1MACA" name="AmountCal" tests="1" failures="0" timestamp="01 Feb 2021 18:22:27 GMT" time="55.586" errors="0">
  <testcase name="Addition" time="55.586" classname="AmountCal"/>
</testsuite> <!-- AmountCal -->
