<?xml version="1.0" encoding="UTF-8"?>
<!-- Generated by org.testng.reporters.JUnitReportReporter -->
<testsuite skipped="0" hostname="LAPTOP-KOP1MACA" name="Practies.AppiumFramework.AmountCal" tests="1" failures="0" timestamp="24 Feb 2021 13:18:40 GMT" time="54.876" errors="0">
  <testcase name="Addition" time="54.876" classname="Practies.AppiumFramework.AmountCal"/>
</testsuite> <!-- Practies.AppiumFramework.AmountCal -->
